app/build/outputs/logs/manifest-merger-debug-report.txt
-- Merging decision tree log ---
manifest
ADDED from src/main/AndroidManifest.xml:2:1-23:12
INJECTED from src/main/AndroidManifest.xml:2:1-23:12
INJECTED from src/main/AndroidManifest.xml:2:1-23:12
INJECTED from src/main/AndroidManifest.xml:2:1-23:12
MERGED from [com.android.support:support-v4:26.0.0] AndroidManifest.xml:17:1-31:12
MERGED from [com.android.support.constraint:constraint-layout:1.1.3] AndroidManifest.xml:2:1-11:12
MERGED from [com.google.android.exoplayer:exoplayer:2.6.0] AndroidManifest.xml:17:1-25:12
MERGED from [com.android.support:support-media-compat:26.0.0] AndroidManifest.xml:17:1-31:12
MERGED from [com.android.support:support-fragment:26.0.0] AndroidManifest.xml:17:1-31:12
MERGED from [com.android.support:support-core-utils:26.0.0] AndroidManifest.xml:17:1-31:12
MERGED from [com.android.support:support-core-ui:26.0.0] AndroidManifest.xml:17:1-31:12
MERGED from [com.android.support:support-compat:26.0.0] AndroidManifest.xml:17:1-31:12
MERGED from [com.google.android.exoplayer:exoplayer-dash:2.6.0] AndroidManifest.xml:17:1-25:12
MERGED from [com.google.android.exoplayer:exoplayer-hls:2.6.0] AndroidManifest.xml:17:1-25:12
MERGED from [com.google.android.exoplayer:exoplayer-smoothstreaming:2.6.0] AndroidManifest.xml:17:1-25:12
MERGED from [com.google.android.exoplayer:exoplayer-ui:2.6.0] AndroidManifest.xml:17:1-25:12
MERGED from [com.google.android.exoplayer:exoplayer-core:2.6.0] AndroidManifest.xml:17:1-25:12
INJECTED from src/main/AndroidManifest.xml:2:1-23:12
INJECTED from src/main/AndroidManifest.xml:2:1-23:12
INJECTED from src/main/AndroidManifest.xml:2:1-23:12
	package
		ADDED from src/main/AndroidManifest.xml:3:5-50
		INJECTED from src/main/AndroidManifest.xml
		INJECTED from src/main/AndroidManifest.xml
	android:versionName
		INJECTED from src/main/AndroidManifest.xml
		ADDED from src/main/AndroidManifest.xml:2:1-23:12
		INJECTED from src/main/AndroidManifest.xml
	android:versionCode
		INJECTED from src/main/AndroidManifest.xml
		ADDED from src/main/AndroidManifest.xml:2:1-23:12
		INJECTED from src/main/AndroidManifest.xml
	xmlns:android
		ADDED from src/main/AndroidManifest.xml:2:11-69
uses-permission#android.permission.READ_EXTERNAL_STORAGE
ADDED from src/main/AndroidManifest.xml:5:5-79
	android:name
		ADDED from src/main/AndroidManifest.xml:5:22-77
uses-permission#android.permission.WRITE_EXTERNAL_STORAGE
ADDED from src/main/AndroidManifest.xml:6:5-80
	android:name
		ADDED from src/main/AndroidManifest.xml:6:22-78
application
ADDED from src/main/AndroidManifest.xml:7:5-21:19
MERGED from [com.android.support:support-v4:26.0.0] AndroidManifest.xml:25:5-29:19
MERGED from [com.android.support:support-v4:26.0.0] AndroidManifest.xml:25:5-29:19
MERGED from [com.android.support.constraint:constraint-layout:1.1.3] AndroidManifest.xml:9:5-20
MERGED from [com.android.support.constraint:constraint-layout:1.1.3] AndroidManifest.xml:9:5-20
MERGED from [com.android.support:support-media-compat:26.0.0] AndroidManifest.xml:25:5-29:19
MERGED from [com.android.support:support-media-compat:26.0.0] AndroidManifest.xml:25:5-29:19
MERGED from [com.android.support:support-fragment:26.0.0] AndroidManifest.xml:25:5-29:19
MERGED from [com.android.support:support-fragment:26.0.0] AndroidManifest.xml:25:5-29:19
MERGED from [com.android.support:support-core-utils:26.0.0] AndroidManifest.xml:25:5-29:19
MERGED from [com.android.support:support-core-utils:26.0.0] AndroidManifest.xml:25:5-29:19
MERGED from [com.android.support:support-core-ui:26.0.0] AndroidManifest.xml:25:5-29:19
MERGED from [com.android.support:support-core-ui:26.0.0] AndroidManifest.xml:25:5-29:19
MERGED from [com.android.support:support-compat:26.0.0] AndroidManifest.xml:25:5-29:19
MERGED from [com.android.support:support-compat:26.0.0] AndroidManifest.xml:25:5-29:19
	android:supportsRtl
		ADDED from src/main/AndroidManifest.xml:12:9-35
	android:label
		ADDED from src/main/AndroidManifest.xml:10:9-41
	android:roundIcon
		ADDED from src/main/AndroidManifest.xml:11:9-54
	android:icon
		ADDED from src/main/AndroidManifest.xml:9:9-43
	android:allowBackup
		ADDED from src/main/AndroidManifest.xml:8:9-35
	android:theme
		ADDED from src/main/AndroidManifest.xml:13:9-40
activity#com.example.etudiant.videoannottool.MainActivity
ADDED from src/main/AndroidManifest.xml:14:9-20:20
	android:name
		ADDED from src/main/AndroidManifest.xml:14:19-47
intent-filter#action:name:android.intent.action.MAIN+category:name:android.intent.category.LAUNCHER
ADDED from src/main/AndroidManifest.xml:15:13-19:29
action#android.intent.action.MAIN
ADDED from src/main/AndroidManifest.xml:16:17-69
	android:name
		ADDED from src/main/AndroidManifest.xml:16:25-66
category#android.intent.category.LAUNCHER
ADDED from src/main/AndroidManifest.xml:18:17-77
	android:name
		ADDED from src/main/AndroidManifest.xml:18:27-74
uses-sdk
INJECTED from src/main/AndroidManifest.xml reason: use-sdk injection requested
INJECTED from src/main/AndroidManifest.xml
INJECTED from src/main/AndroidManifest.xml
MERGED from [com.android.support:support-v4:26.0.0] AndroidManifest.xml:21:5-23:54
MERGED from [com.android.support:support-v4:26.0.0] AndroidManifest.xml:21:5-23:54
MERGED from [com.android.support.constraint:constraint-layout:1.1.3] AndroidManifest.xml:5:5-7:41
MERGED from [com.android.support.constraint:constraint-layout:1.1.3] AndroidManifest.xml:5:5-7:41
MERGED from [com.google.android.exoplayer:exoplayer:2.6.0] AndroidManifest.xml:21:5-23:41
MERGED from [com.google.android.exoplayer:exoplayer:2.6.0] AndroidManifest.xml:21:5-23:41
MERGED from [com.android.support:support-media-compat:26.0.0] AndroidManifest.xml:21:5-23:63
MERGED from [com.android.support:support-media-compat:26.0.0] AndroidManifest.xml:21:5-23:63
MERGED from [com.android.support:support-fragment:26.0.0] AndroidManifest.xml:21:5-23:60
MERGED from [com.android.support:support-fragment:26.0.0] AndroidManifest.xml:21:5-23:60
MERGED from [com.android.support:support-core-utils:26.0.0] AndroidManifest.xml:21:5-23:61
MERGED from [com.android.support:support-core-utils:26.0.0] AndroidManifest.xml:21:5-23:61
MERGED from [com.android.support:support-core-ui:26.0.0] AndroidManifest.xml:21:5-23:58
MERGED from [com.android.support:support-core-ui:26.0.0] AndroidManifest.xml:21:5-23:58
MERGED from [com.android.support:support-compat:26.0.0] AndroidManifest.xml:21:5-23:58
MERGED from [com.android.support:support-compat:26.0.0] AndroidManifest.xml:21:5-23:58
MERGED from [com.google.android.exoplayer:exoplayer-dash:2.6.0] AndroidManifest.xml:21:5-23:41
MERGED from [com.google.android.exoplayer:exoplayer-dash:2.6.0] AndroidManifest.xml:21:5-23:41
MERGED from [com.google.android.exoplayer:exoplayer-hls:2.6.0] AndroidManifest.xml:21:5-23:41
MERGED from [com.google.android.exoplayer:exoplayer-hls:2.6.0] AndroidManifest.xml:21:5-23:41
MERGED from [com.google.android.exoplayer:exoplayer-smoothstreaming:2.6.0] AndroidManifest.xml:21:5-23:41
MERGED from [com.google.android.exoplayer:exoplayer-smoothstreaming:2.6.0] AndroidManifest.xml:21:5-23:41
MERGED from [com.google.android.exoplayer:exoplayer-ui:2.6.0] AndroidManifest.xml:21:5-23:41
MERGED from [com.google.android.exoplayer:exoplayer-ui:2.6.0] AndroidManifest.xml:21:5-23:41
MERGED from [com.google.android.exoplayer:exoplayer-core:2.6.0] AndroidManifest.xml:21:5-23:41
MERGED from [com.google.android.exoplayer:exoplayer-core:2.6.0] AndroidManifest.xml:21:5-23:41
INJECTED from src/main/AndroidManifest.xml
INJECTED from src/main/AndroidManifest.xml
	tools:overrideLibrary
		ADDED from [com.android.support:support-v4:26.0.0] AndroidManifest.xml:23:9-51
	android:targetSdkVersion
		INJECTED from src/main/AndroidManifest.xml
		ADDED from src/main/AndroidManifest.xml
		INJECTED from src/main/AndroidManifest.xml
	android:minSdkVersion
		INJECTED from src/main/AndroidManifest.xml
		ADDED from src/main/AndroidManifest.xml
		INJECTED from src/main/AndroidManifest.xml
meta-data#android.support.VERSION
ADDED from [com.android.support:support-v4:26.0.0] AndroidManifest.xml:26:9-28:38
MERGED from [com.android.support:support-media-compat:26.0.0] AndroidManifest.xml:26:9-28:38
MERGED from [com.android.support:support-media-compat:26.0.0] AndroidManifest.xml:26:9-28:38
MERGED from [com.android.support:support-fragment:26.0.0] AndroidManifest.xml:26:9-28:38
MERGED from [com.android.support:support-fragment:26.0.0] AndroidManifest.xml:26:9-28:38
MERGED from [com.android.support:support-core-utils:26.0.0] AndroidManifest.xml:26:9-28:38
MERGED from [com.android.support:support-core-utils:26.0.0] AndroidManifest.xml:26:9-28:38
MERGED from [com.android.support:support-core-ui:26.0.0] AndroidManifest.xml:26:9-28:38
MERGED from [com.android.support:support-core-ui:26.0.0] AndroidManifest.xml:26:9-28:38
MERGED from [com.android.support:support-compat:26.0.0] AndroidManifest.xml:26:9-28:38
MERGED from [com.android.support:support-compat:26.0.0] AndroidManifest.xml:26:9-28:38
	android:value
		ADDED from [com.android.support:support-v4:26.0.0] AndroidManifest.xml:28:13-35
	android:name
		ADDED from [com.android.support:support-v4:26.0.0] AndroidManifest.xml:27:13-51